build/app/outputs/logs/manifest-merger-debug-report.txt
-- Merging decision tree log ---
manifest
ADDED from src/main/AndroidManifest.xml:1:1-33:12
INJECTED from src/main/AndroidManifest.xml:1:1-33:12
INJECTED from src/main/AndroidManifest.xml:1:1-33:12
INJECTED from src/main/AndroidManifest.xml:1:1-33:12
MERGED from src/main/AndroidManifest.xml:1:1-33:12
MERGED from [:appsflyer_sdk] AndroidManifest.xml:2:1-23:12
MERGED from [com.appsflyer:af-android-sdk:4.10.0] AndroidManifest.xml:2:1-17:12
MERGED from [com.android.installreferrer:installreferrer:1.0] AndroidManifest.xml:2:1-13:12
INJECTED from src/debug/AndroidManifest.xml:1:1-7:12
INJECTED from src/debug/AndroidManifest.xml:1:1-7:12
INJECTED from src/debug/AndroidManifest.xml:1:1-7:12
	package
		ADDED from src/main/AndroidManifest.xml:2:5-40
		INJECTED from src/main/AndroidManifest.xml
		INJECTED from src/debug/AndroidManifest.xml
	android:versionName
		INJECTED from src/main/AndroidManifest.xml
		ADDED from src/main/AndroidManifest.xml:1:1-33:12
		INJECTED from src/debug/AndroidManifest.xml
	android:versionCode
		INJECTED from src/main/AndroidManifest.xml
		ADDED from src/main/AndroidManifest.xml:1:1-33:12
		INJECTED from src/debug/AndroidManifest.xml
	xmlns:android
		ADDED from src/main/AndroidManifest.xml:1:11-69
application
ADDED from src/main/AndroidManifest.xml:9:5-32:19
MERGED from [:appsflyer_sdk] AndroidManifest.xml:13:5-21:19
MERGED from [:appsflyer_sdk] AndroidManifest.xml:13:5-21:19
MERGED from [com.appsflyer:af-android-sdk:4.10.0] AndroidManifest.xml:14:5-15:19
MERGED from [com.appsflyer:af-android-sdk:4.10.0] AndroidManifest.xml:14:5-15:19
MERGED from [com.android.installreferrer:installreferrer:1.0] AndroidManifest.xml:11:5-20
MERGED from [com.android.installreferrer:installreferrer:1.0] AndroidManifest.xml:11:5-20
	android:label
		ADDED from src/main/AndroidManifest.xml:11:9-38
	android:fullBackupContent
		ADDED from [com.appsflyer:af-android-sdk:4.10.0] AndroidManifest.xml:14:18-73
	android:icon
		ADDED from src/main/AndroidManifest.xml:12:9-43
	android:name
		ADDED from src/main/AndroidManifest.xml:10:9-57
activity#com.example.appslyer_test.MainActivity
ADDED from src/main/AndroidManifest.xml:13:9-31:20
	android:launchMode
		ADDED from src/main/AndroidManifest.xml:15:13-43
	android:hardwareAccelerated
		ADDED from src/main/AndroidManifest.xml:18:13-47
	android:windowSoftInputMode
		ADDED from src/main/AndroidManifest.xml:19:13-55
	android:configChanges
		ADDED from src/main/AndroidManifest.xml:17:13-144
	android:theme
		ADDED from src/main/AndroidManifest.xml:16:13-47
	android:name
		ADDED from src/main/AndroidManifest.xml:14:13-41
meta-data#io.flutter.app.android.SplashScreenUntilFirstFrame
ADDED from src/main/AndroidManifest.xml:24:13-26:40
	android:value
		ADDED from src/main/AndroidManifest.xml:26:17-37
	android:name
		ADDED from src/main/AndroidManifest.xml:25:17-82
intent-filter#action:name:android.intent.action.MAIN+category:name:android.intent.category.LAUNCHER
ADDED from src/main/AndroidManifest.xml:27:13-30:29
action#android.intent.action.MAIN
ADDED from src/main/AndroidManifest.xml:28:17-68
	android:name
		ADDED from src/main/AndroidManifest.xml:28:25-66
category#android.intent.category.LAUNCHER
ADDED from src/main/AndroidManifest.xml:29:17-76
	android:name
		ADDED from src/main/AndroidManifest.xml:29:27-74
uses-sdk
INJECTED from src/main/AndroidManifest.xml reason: use-sdk injection requested
INJECTED from src/main/AndroidManifest.xml
INJECTED from src/main/AndroidManifest.xml
MERGED from [:appsflyer_sdk] AndroidManifest.xml:5:5-44
MERGED from [:appsflyer_sdk] AndroidManifest.xml:5:5-44
MERGED from [com.appsflyer:af-android-sdk:4.10.0] AndroidManifest.xml:7:5-9:41
MERGED from [com.appsflyer:af-android-sdk:4.10.0] AndroidManifest.xml:7:5-9:41
MERGED from [com.android.installreferrer:installreferrer:1.0] AndroidManifest.xml:5:5-7:41
MERGED from [com.android.installreferrer:installreferrer:1.0] AndroidManifest.xml:5:5-7:41
INJECTED from src/debug/AndroidManifest.xml
INJECTED from src/debug/AndroidManifest.xml
	android:targetSdkVersion
		INJECTED from src/main/AndroidManifest.xml
		INJECTED from src/debug/AndroidManifest.xml
	android:minSdkVersion
		INJECTED from src/main/AndroidManifest.xml
		INJECTED from src/debug/AndroidManifest.xml
uses-permission#android.permission.INTERNET
ADDED from src/debug/AndroidManifest.xml:6:5-66
MERGED from [:appsflyer_sdk] AndroidManifest.xml:7:5-67
MERGED from [:appsflyer_sdk] AndroidManifest.xml:7:5-67
MERGED from [com.appsflyer:af-android-sdk:4.10.0] AndroidManifest.xml:11:5-67
MERGED from [com.appsflyer:af-android-sdk:4.10.0] AndroidManifest.xml:11:5-67
	android:name
		ADDED from src/debug/AndroidManifest.xml:6:22-64
uses-permission#android.permission.ACCESS_NETWORK_STATE
ADDED from [:appsflyer_sdk] AndroidManifest.xml:8:5-79
MERGED from [com.appsflyer:af-android-sdk:4.10.0] AndroidManifest.xml:12:5-79
MERGED from [com.appsflyer:af-android-sdk:4.10.0] AndroidManifest.xml:12:5-79
	android:name
		ADDED from [:appsflyer_sdk] AndroidManifest.xml:8:22-76
uses-permission#android.permission.ACCESS_WIFI_STATE
ADDED from [:appsflyer_sdk] AndroidManifest.xml:9:5-76
	android:name
		ADDED from [:appsflyer_sdk] AndroidManifest.xml:9:22-73
uses-permission#android.permission.READ_PHONE_STATE
ADDED from [:appsflyer_sdk] AndroidManifest.xml:11:5-75
	android:name
		ADDED from [:appsflyer_sdk] AndroidManifest.xml:11:22-72
receiver#com.appsflyer.SingleInstallBroadcastReceiver
ADDED from [:appsflyer_sdk] AndroidManifest.xml:14:9-20:20
	android:exported
		ADDED from [:appsflyer_sdk] AndroidManifest.xml:16:13-36
	android:name
		ADDED from [:appsflyer_sdk] AndroidManifest.xml:15:13-72
intent-filter#action:name:com.android.vending.INSTALL_REFERRER
ADDED from [:appsflyer_sdk] AndroidManifest.xml:17:13-19:29
action#com.android.vending.INSTALL_REFERRER
ADDED from [:appsflyer_sdk] AndroidManifest.xml:18:17-79
	android:name
		ADDED from [:appsflyer_sdk] AndroidManifest.xml:18:25-76
uses-permission#com.google.android.finsky.permission.BIND_GET_INSTALL_REFERRER_SERVICE
ADDED from [com.android.installreferrer:installreferrer:1.0] AndroidManifest.xml:9:5-110
	android:name
		ADDED from [com.android.installreferrer:installreferrer:1.0] AndroidManifest.xml:9:22-107